<?xml version="1.0" encoding="UTF-8"?>
<testsuite name="com.cyclic.beerapi.BeerApiApplicationTests" tests="1" skipped="0" failures="0" errors="0" timestamp="2018-11-02T20:21:06" hostname="F5N8CD2" time="0.151">
  <properties/>
  <testcase name="contextLoads" classname="com.cyclic.beerapi.BeerApiApplicationTests" time="0.151"/>
  <system-out><![CDATA[17:21:04.914 [Test worker] DEBUG org.springframework.test.context.junit4.SpringJUnit4ClassRunner - SpringJUnit4ClassRunner constructor called with [class com.cyclic.beerapi.BeerApiApplicationTests]
17:21:04.923 [Test worker] DEBUG org.springframework.test.context.BootstrapUtils - Instantiating CacheAwareContextLoaderDelegate from class [org.springframework.test.context.cache.DefaultCacheAwareContextLoaderDelegate]
17:21:04.934 [Test worker] DEBUG org.springframework.test.context.BootstrapUtils - Instantiating BootstrapContext using constructor [public org.springframework.test.context.support.DefaultBootstrapContext(java.lang.Class,org.springframework.test.context.CacheAwareContextLoaderDelegate)]
17:21:04.956 [Test worker] DEBUG org.springframework.test.context.BootstrapUtils - Instantiating TestContextBootstrapper for test class [com.cyclic.beerapi.BeerApiApplicationTests] from class [org.springframework.boot.test.context.SpringBootTestContextBootstrapper]
17:21:04.969 [Test worker] INFO org.springframework.boot.test.context.SpringBootTestContextBootstrapper - Neither @ContextConfiguration nor @ContextHierarchy found for test class [com.cyclic.beerapi.BeerApiApplicationTests], using SpringBootContextLoader
17:21:04.973 [Test worker] DEBUG org.springframework.test.context.support.AbstractContextLoader - Did not detect default resource location for test class [com.cyclic.beerapi.BeerApiApplicationTests]: class path resource [com/cyclic/beerapi/BeerApiApplicationTests-context.xml] does not exist
17:21:04.974 [Test worker] DEBUG org.springframework.test.context.support.AbstractContextLoader - Did not detect default resource location for test class [com.cyclic.beerapi.BeerApiApplicationTests]: class path resource [com/cyclic/beerapi/BeerApiApplicationTestsContext.groovy] does not exist
17:21:04.974 [Test worker] INFO org.springframework.test.context.support.AbstractContextLoader - Could not detect default resource locations for test class [com.cyclic.beerapi.BeerApiApplicationTests]: no resource found for suffixes {-context.xml, Context.groovy}.
17:21:04.976 [Test worker] INFO org.springframework.test.context.support.AnnotationConfigContextLoaderUtils - Could not detect default configuration classes for test class [com.cyclic.beerapi.BeerApiApplicationTests]: BeerApiApplicationTests does not declare any static, non-private, non-final, nested classes annotated with @Configuration.
17:21:05.027 [Test worker] DEBUG org.springframework.test.context.support.ActiveProfilesUtils - Could not find an 'annotation declaring class' for annotation type [org.springframework.test.context.ActiveProfiles] and class [com.cyclic.beerapi.BeerApiApplicationTests]
17:21:05.103 [Test worker] DEBUG org.springframework.context.annotation.ClassPathScanningCandidateComponentProvider - Identified candidate component class: file [/home/r-silva-nascimento/Documents/java/beer-api/build/classes/java/main/com/cyclic/beerapi/BeerApiApplication.class]
17:21:05.107 [Test worker] INFO org.springframework.boot.test.context.SpringBootTestContextBootstrapper - Found @SpringBootConfiguration com.cyclic.beerapi.BeerApiApplication for test class com.cyclic.beerapi.BeerApiApplicationTests
17:21:05.220 [Test worker] DEBUG org.springframework.boot.test.context.SpringBootTestContextBootstrapper - @TestExecutionListeners is not present for class [com.cyclic.beerapi.BeerApiApplicationTests]: using defaults.
17:21:05.221 [Test worker] INFO org.springframework.boot.test.context.SpringBootTestContextBootstrapper - Loaded default TestExecutionListener class names from location [META-INF/spring.factories]: [org.springframework.boot.test.autoconfigure.restdocs.RestDocsTestExecutionListener, org.springframework.boot.test.autoconfigure.web.client.MockRestServiceServerResetTestExecutionListener, org.springframework.boot.test.autoconfigure.web.servlet.MockMvcPrintOnlyOnFailureTestExecutionListener, org.springframework.boot.test.autoconfigure.web.servlet.WebDriverTestExecutionListener, org.springframework.boot.test.mock.mockito.MockitoTestExecutionListener, org.springframework.boot.test.mock.mockito.ResetMocksTestExecutionListener, org.springframework.test.context.web.ServletTestExecutionListener, org.springframework.test.context.support.DirtiesContextBeforeModesTestExecutionListener, org.springframework.test.context.support.DependencyInjectionTestExecutionListener, org.springframework.test.context.support.DirtiesContextTestExecutionListener, org.springframework.test.context.transaction.TransactionalTestExecutionListener, org.springframework.test.context.jdbc.SqlScriptsTestExecutionListener]
17:21:05.230 [Test worker] DEBUG org.springframework.boot.test.context.SpringBootTestContextBootstrapper - Skipping candidate TestExecutionListener [org.springframework.test.context.web.ServletTestExecutionListener] due to a missing dependency. Specify custom listener classes or make the default listener classes and their required dependencies available. Offending class: [javax/servlet/ServletContext]
17:21:05.233 [Test worker] DEBUG org.springframework.boot.test.context.SpringBootTestContextBootstrapper - Skipping candidate TestExecutionListener [org.springframework.test.context.transaction.TransactionalTestExecutionListener] due to a missing dependency. Specify custom listener classes or make the default listener classes and their required dependencies available. Offending class: [org/springframework/transaction/TransactionDefinition]
17:21:05.234 [Test worker] DEBUG org.springframework.boot.test.context.SpringBootTestContextBootstrapper - Skipping candidate TestExecutionListener [org.springframework.test.context.jdbc.SqlScriptsTestExecutionListener] due to a missing dependency. Specify custom listener classes or make the default listener classes and their required dependencies available. Offending class: [org/springframework/transaction/interceptor/TransactionAttribute]
17:21:05.234 [Test worker] INFO org.springframework.boot.test.context.SpringBootTestContextBootstrapper - Using TestExecutionListeners: [org.springframework.test.context.support.DirtiesContextBeforeModesTestExecutionListener@77f5b34f, org.springframework.boot.test.mock.mockito.MockitoTestExecutionListener@34a88450, org.springframework.boot.test.autoconfigure.SpringBootDependencyInjectionTestExecutionListener@7941267c, org.springframework.test.context.support.DirtiesContextTestExecutionListener@381e3220, org.springframework.boot.test.autoconfigure.restdocs.RestDocsTestExecutionListener@622b81a7, org.springframework.boot.test.autoconfigure.web.client.MockRestServiceServerResetTestExecutionListener@125113b6, org.springframework.boot.test.autoconfigure.web.servlet.MockMvcPrintOnlyOnFailureTestExecutionListener@6253a546, org.springframework.boot.test.autoconfigure.web.servlet.WebDriverTestExecutionListener@2b95141e, org.springframework.boot.test.mock.mockito.ResetMocksTestExecutionListener@150d8e72]
17:21:05.239 [Test worker] DEBUG org.springframework.test.annotation.ProfileValueUtils - Retrieved @ProfileValueSourceConfiguration [null] for test class [com.cyclic.beerapi.BeerApiApplicationTests]
17:21:05.240 [Test worker] DEBUG org.springframework.test.annotation.ProfileValueUtils - Retrieved ProfileValueSource type [class org.springframework.test.annotation.SystemProfileValueSource] for class [com.cyclic.beerapi.BeerApiApplicationTests]
17:21:05.244 [Test worker] DEBUG org.springframework.test.annotation.ProfileValueUtils - Retrieved @ProfileValueSourceConfiguration [null] for test class [com.cyclic.beerapi.BeerApiApplicationTests]
17:21:05.244 [Test worker] DEBUG org.springframework.test.annotation.ProfileValueUtils - Retrieved ProfileValueSource type [class org.springframework.test.annotation.SystemProfileValueSource] for class [com.cyclic.beerapi.BeerApiApplicationTests]
17:21:05.245 [Test worker] DEBUG org.springframework.test.annotation.ProfileValueUtils - Retrieved @ProfileValueSourceConfiguration [null] for test class [com.cyclic.beerapi.BeerApiApplicationTests]
17:21:05.245 [Test worker] DEBUG org.springframework.test.annotation.ProfileValueUtils - Retrieved ProfileValueSource type [class org.springframework.test.annotation.SystemProfileValueSource] for class [com.cyclic.beerapi.BeerApiApplicationTests]
17:21:05.250 [Test worker] DEBUG org.springframework.test.context.support.AbstractDirtiesContextTestExecutionListener - Before test class: context [DefaultTestContext@3e3f7145 testClass = BeerApiApplicationTests, testInstance = [null], testMethod = [null], testException = [null], mergedContextConfiguration = [MergedContextConfiguration@6faac58f testClass = BeerApiApplicationTests, locations = '{}', classes = '{class com.cyclic.beerapi.BeerApiApplication}', contextInitializerClasses = '[]', activeProfiles = '{}', propertySourceLocations = '{}', propertySourceProperties = '{org.springframework.boot.test.context.SpringBootTestContextBootstrapper=true}', contextCustomizers = set[org.springframework.boot.test.autoconfigure.properties.PropertyMappingContextCustomizer@0, org.springframework.boot.test.autoconfigure.web.servlet.WebDriverContextCustomizerFactory$Customizer@4da57112, org.springframework.boot.test.context.filter.ExcludeFilterContextCustomizer@7161e322, org.springframework.boot.test.json.DuplicateJsonObjectContextCustomizerFactory$DuplicateJsonObjectContextCustomizer@703ad767, org.springframework.boot.test.mock.mockito.MockitoContextCustomizer@0, org.springframework.boot.test.web.client.TestRestTemplateContextCustomizer@32d9b6d], contextLoader = 'org.springframework.boot.test.context.SpringBootContextLoader', parent = [null]], attributes = map[[empty]]], class annotated with @DirtiesContext [false] with mode [null].
17:21:05.252 [Test worker] DEBUG org.springframework.test.annotation.ProfileValueUtils - Retrieved @ProfileValueSourceConfiguration [null] for test class [com.cyclic.beerapi.BeerApiApplicationTests]
17:21:05.252 [Test worker] DEBUG org.springframework.test.annotation.ProfileValueUtils - Retrieved ProfileValueSource type [class org.springframework.test.annotation.SystemProfileValueSource] for class [com.cyclic.beerapi.BeerApiApplicationTests]
17:21:05.256 [Test worker] DEBUG org.springframework.test.context.support.DependencyInjectionTestExecutionListener - Performing dependency injection for test context [[DefaultTestContext@3e3f7145 testClass = BeerApiApplicationTests, testInstance = com.cyclic.beerapi.BeerApiApplicationTests@4d627cfa, testMethod = [null], testException = [null], mergedContextConfiguration = [MergedContextConfiguration@6faac58f testClass = BeerApiApplicationTests, locations = '{}', classes = '{class com.cyclic.beerapi.BeerApiApplication}', contextInitializerClasses = '[]', activeProfiles = '{}', propertySourceLocations = '{}', propertySourceProperties = '{org.springframework.boot.test.context.SpringBootTestContextBootstrapper=true}', contextCustomizers = set[org.springframework.boot.test.autoconfigure.properties.PropertyMappingContextCustomizer@0, org.springframework.boot.test.autoconfigure.web.servlet.WebDriverContextCustomizerFactory$Customizer@4da57112, org.springframework.boot.test.context.filter.ExcludeFilterContextCustomizer@7161e322, org.springframework.boot.test.json.DuplicateJsonObjectContextCustomizerFactory$DuplicateJsonObjectContextCustomizer@703ad767, org.springframework.boot.test.mock.mockito.MockitoContextCustomizer@0, org.springframework.boot.test.web.client.TestRestTemplateContextCustomizer@32d9b6d], contextLoader = 'org.springframework.boot.test.context.SpringBootContextLoader', parent = [null]], attributes = map[[empty]]]].
17:21:05.276 [Test worker] DEBUG org.springframework.test.context.support.TestPropertySourceUtils - Adding inlined properties to environment: {spring.jmx.enabled=false, org.springframework.boot.test.context.SpringBootTestContextBootstrapper=true, server.port=-1}

  .   ____          _            __ _ _
 /\\ / ___'_ __ _ _(_)_ __  __ _ \ \ \ \
( ( )\___ | '_ | '_| | '_ \/ _` | \ \ \ \
 \\/  ___)| |_)| | | | | || (_| |  ) ) ) )
  '  |____| .__|_| |_|_| |_\__, | / / / /
 =========|_|==============|___/=/_/_/_/
 :: Spring Boot ::        (v2.1.0.RELEASE)

2018-11-02 17:21:05.511  INFO 2752 --- [    Test worker] c.c.beerapi.BeerApiApplicationTests      : Starting BeerApiApplicationTests on F5N8CD2 with PID 2752 (started by r-silva-nascimento in /home/r-silva-nascimento/Documents/java/beer-api)
2018-11-02 17:21:05.513  INFO 2752 --- [    Test worker] c.c.beerapi.BeerApiApplicationTests      : No active profile set, falling back to default profiles: default
2018-11-02 17:21:06.954  INFO 2752 --- [    Test worker] c.c.beerapi.BeerApiApplicationTests      : Started BeerApiApplicationTests in 1.676 seconds (JVM running for 2.659)
]]></system-out>
  <system-err><![CDATA[]]></system-err>
</testsuite>
